2025/05/29 20:18:17 [notice] 1#1: using the "epoll" event method
2025/05/29 20:18:17 [notice] 1#1: nginx/1.27.5
2025/05/29 20:18:17 [notice] 1#1: built by gcc 14.2.0 (Alpine 14.2.0) 
2025/05/29 20:18:17 [notice] 1#1: OS: Linux 6.8.0-1027-azure
2025/05/29 20:18:17 [notice] 1#1: getrlimit(RLIMIT_NOFILE): 1048576:1048576
2025/05/29 20:18:17 [notice] 1#1: start worker processes
2025/05/29 20:18:17 [notice] 1#1: start worker process 20
2025/05/29 20:18:17 [notice] 1#1: start worker process 21
2025/05/29 20:21:34 [notice] 1#1: signal 3 (SIGQUIT) received, shutting down
2025/05/29 20:21:34 [notice] 20#20: gracefully shutting down
2025/05/29 20:21:34 [notice] 21#21: gracefully shutting down
2025/05/29 20:21:34 [notice] 21#21: exiting
2025/05/29 20:21:34 [notice] 21#21: exit
2025/05/29 20:21:34 [notice] 20#20: exiting
2025/05/29 20:21:34 [notice] 20#20: exit
2025/05/29 20:21:34 [notice] 1#1: signal 17 (SIGCHLD) received from 20
2025/05/29 20:21:34 [notice] 1#1: worker process 20 exited with code 0
2025/05/29 20:21:34 [notice] 1#1: worker process 21 exited with code 0
2025/05/29 20:21:34 [notice] 1#1: exit
2025/05/29 20:31:46 [emerg] 1#1: host not found in upstream "insta-backend" in /etc/nginx/conf.d/default.conf:6
2025/05/29 20:31:47 [notice] 1#1: using the "epoll" event method
2025/05/29 20:31:47 [notice] 1#1: nginx/1.27.5
2025/05/29 20:31:47 [notice] 1#1: built by gcc 14.2.0 (Alpine 14.2.0) 
2025/05/29 20:31:47 [notice] 1#1: OS: Linux 6.8.0-1027-azure
2025/05/29 20:31:47 [notice] 1#1: getrlimit(RLIMIT_NOFILE): 1048576:1048576
2025/05/29 20:31:47 [notice] 1#1: start worker processes
2025/05/29 20:31:47 [notice] 1#1: start worker process 29
2025/05/29 20:31:47 [notice] 1#1: start worker process 30
2025/05/29 20:31:58 [error] 29#29: *1 connect() failed (113: Host is unreachable) while connecting to upstream, client: 172.25.0.1, server: _, request: "GET / HTTP/1.1", upstream: "http://172.25.0.10:8000/", host: "localhost:80", referrer: "https://glowing-disco-5gg7g6447xwpcvq99.github.dev/"
2025/05/29 20:32:17 [error] 30#30: *3 connect() failed (113: Host is unreachable) while connecting to upstream, client: 172.25.0.1, server: _, request: "GET /favicon.ico HTTP/1.1", upstream: "http://172.25.0.10:8000/favicon.ico", host: "localhost:80", referrer: "https://glowing-disco-5gg7g6447xwpcvq99-80.app.github.dev/"
2025/05/29 20:33:28 [notice] 1#1: signal 3 (SIGQUIT) received, shutting down
2025/05/29 20:33:28 [notice] 29#29: gracefully shutting down
2025/05/29 20:33:28 [notice] 29#29: exiting
2025/05/29 20:33:28 [notice] 29#29: exit
2025/05/29 20:33:28 [notice] 30#30: gracefully shutting down
2025/05/29 20:33:28 [notice] 30#30: exiting
2025/05/29 20:33:28 [notice] 30#30: exit
2025/05/29 20:33:28 [notice] 1#1: signal 17 (SIGCHLD) received from 29
2025/05/29 20:33:28 [notice] 1#1: worker process 29 exited with code 0
2025/05/29 20:33:28 [notice] 1#1: signal 29 (SIGIO) received
2025/05/29 20:33:28 [notice] 1#1: signal 17 (SIGCHLD) received from 30
2025/05/29 20:33:28 [notice] 1#1: worker process 30 exited with code 0
2025/05/29 20:33:28 [notice] 1#1: exit
2025/05/29 20:44:08 [notice] 1#1: using the "epoll" event method
2025/05/29 20:44:08 [notice] 1#1: nginx/1.27.5
2025/05/29 20:44:08 [notice] 1#1: built by gcc 14.2.0 (Alpine 14.2.0) 
2025/05/29 20:44:08 [notice] 1#1: OS: Linux 6.8.0-1027-azure
2025/05/29 20:44:08 [notice] 1#1: getrlimit(RLIMIT_NOFILE): 1048576:1048576
2025/05/29 20:44:08 [notice] 1#1: start worker processes
2025/05/29 20:44:08 [notice] 1#1: start worker process 29
2025/05/29 20:44:08 [notice] 1#1: start worker process 30
2025/05/29 20:44:19 [error] 29#29: *1 connect() failed (113: Host is unreachable) while connecting to upstream, client: 172.25.0.1, server: _, request: "GET / HTTP/1.1", upstream: "http://172.25.0.10:8000/", host: "localhost:80", referrer: "https://glowing-disco-5gg7g6447xwpcvq99.github.dev/"
2025/05/29 20:44:36 [error] 30#30: *3 connect() failed (113: Host is unreachable) while connecting to upstream, client: 172.25.0.1, server: _, request: "GET /favicon.ico HTTP/1.1", upstream: "http://172.25.0.10:8000/favicon.ico", host: "localhost:80", referrer: "https://glowing-disco-5gg7g6447xwpcvq99-80.app.github.dev/"
2025/05/29 20:44:59 [error] 29#29: *5 connect() failed (113: Host is unreachable) while connecting to upstream, client: 172.25.0.1, server: _, request: "GET / HTTP/1.1", upstream: "http://172.25.0.10:8000/", host: "localhost:80", referrer: "https://glowing-disco-5gg7g6447xwpcvq99.github.dev/"
2025/05/29 20:45:05 [error] 29#29: *7 connect() failed (113: Host is unreachable) while connecting to upstream, client: 172.25.0.1, server: _, request: "GET /favicon.ico HTTP/1.1", upstream: "http://172.25.0.10:8000/favicon.ico", host: "localhost:80", referrer: "https://glowing-disco-5gg7g6447xwpcvq99-80.app.github.dev/"
2025/05/29 20:45:59 [notice] 1#1: signal 3 (SIGQUIT) received, shutting down
2025/05/29 20:45:59 [notice] 30#30: gracefully shutting down
2025/05/29 20:45:59 [notice] 29#29: gracefully shutting down
2025/05/29 20:45:59 [notice] 30#30: exiting
2025/05/29 20:45:59 [notice] 29#29: exiting
2025/05/29 20:45:59 [notice] 30#30: exit
2025/05/29 20:45:59 [notice] 29#29: exit
2025/05/29 20:45:59 [notice] 1#1: signal 17 (SIGCHLD) received from 29
2025/05/29 20:45:59 [notice] 1#1: worker process 29 exited with code 0
2025/05/29 20:45:59 [notice] 1#1: worker process 30 exited with code 0
2025/05/29 20:45:59 [notice] 1#1: exit
2025/05/29 20:47:48 [notice] 1#1: using the "epoll" event method
2025/05/29 20:47:48 [notice] 1#1: nginx/1.27.5
2025/05/29 20:47:48 [notice] 1#1: built by gcc 14.2.0 (Alpine 14.2.0) 
2025/05/29 20:47:48 [notice] 1#1: OS: Linux 6.8.0-1027-azure
2025/05/29 20:47:48 [notice] 1#1: getrlimit(RLIMIT_NOFILE): 1048576:1048576
2025/05/29 20:47:48 [notice] 1#1: start worker processes
2025/05/29 20:47:48 [notice] 1#1: start worker process 29
2025/05/29 20:47:48 [notice] 1#1: start worker process 30
2025/05/29 20:47:59 [error] 29#29: *1 connect() failed (113: Host is unreachable) while connecting to upstream, client: 172.25.0.1, server: _, request: "GET / HTTP/1.1", upstream: "http://172.25.0.10:8000/", host: "localhost:80", referrer: "https://glowing-disco-5gg7g6447xwpcvq99.github.dev/"
2025/05/29 20:48:16 [notice] 1#1: signal 3 (SIGQUIT) received, shutting down
2025/05/29 20:48:16 [notice] 29#29: gracefully shutting down
2025/05/29 20:48:16 [notice] 30#30: gracefully shutting down
2025/05/29 20:48:16 [notice] 30#30: exiting
2025/05/29 20:48:16 [notice] 29#29: exiting
2025/05/29 20:48:16 [notice] 30#30: exit
2025/05/29 20:48:16 [notice] 29#29: exit
2025/05/29 20:48:16 [notice] 1#1: signal 17 (SIGCHLD) received from 29
2025/05/29 20:48:16 [notice] 1#1: worker process 29 exited with code 0
2025/05/29 20:48:16 [notice] 1#1: signal 29 (SIGIO) received
2025/05/29 20:48:16 [notice] 1#1: signal 17 (SIGCHLD) received from 30
2025/05/29 20:48:16 [notice] 1#1: worker process 30 exited with code 0
2025/05/29 20:48:16 [notice] 1#1: exit
2025/05/29 20:57:24 [notice] 1#1: using the "epoll" event method
2025/05/29 20:57:24 [notice] 1#1: nginx/1.27.5
2025/05/29 20:57:24 [notice] 1#1: built by gcc 14.2.0 (Alpine 14.2.0) 
2025/05/29 20:57:24 [notice] 1#1: OS: Linux 6.8.0-1027-azure
2025/05/29 20:57:24 [notice] 1#1: getrlimit(RLIMIT_NOFILE): 1048576:1048576
2025/05/29 20:57:24 [notice] 1#1: start worker processes
2025/05/29 20:57:24 [notice] 1#1: start worker process 29
2025/05/29 20:57:24 [notice] 1#1: start worker process 30
2025/05/29 20:57:36 [error] 29#29: *1 connect() failed (113: Host is unreachable) while connecting to upstream, client: 172.25.0.1, server: _, request: "GET / HTTP/1.1", upstream: "http://172.25.0.10:8000/", host: "localhost:80", referrer: "https://glowing-disco-5gg7g6447xwpcvq99.github.dev/"
2025/05/29 20:57:58 [error] 30#30: *3 connect() failed (113: Host is unreachable) while connecting to upstream, client: 172.25.0.1, server: _, request: "GET /favicon.ico HTTP/1.1", upstream: "http://172.25.0.10:8000/favicon.ico", host: "localhost:80", referrer: "https://glowing-disco-5gg7g6447xwpcvq99-80.app.github.dev/"
2025/05/29 21:00:54 [notice] 1#1: signal 3 (SIGQUIT) received, shutting down
2025/05/29 21:00:54 [notice] 29#29: gracefully shutting down
2025/05/29 21:00:54 [notice] 29#29: exiting
2025/05/29 21:00:54 [notice] 30#30: gracefully shutting down
2025/05/29 21:00:54 [notice] 30#30: exiting
2025/05/29 21:00:54 [notice] 29#29: exit
2025/05/29 21:00:54 [notice] 30#30: exit
2025/05/29 21:00:54 [notice] 1#1: signal 17 (SIGCHLD) received from 30
2025/05/29 21:00:54 [notice] 1#1: worker process 29 exited with code 0
2025/05/29 21:00:54 [notice] 1#1: worker process 30 exited with code 0
2025/05/29 21:00:54 [notice] 1#1: exit
2025/05/29 21:08:29 [notice] 1#1: using the "epoll" event method
2025/05/29 21:08:29 [notice] 1#1: nginx/1.27.5
2025/05/29 21:08:29 [notice] 1#1: built by gcc 14.2.0 (Alpine 14.2.0) 
2025/05/29 21:08:29 [notice] 1#1: OS: Linux 6.8.0-1027-azure
2025/05/29 21:08:29 [notice] 1#1: getrlimit(RLIMIT_NOFILE): 1048576:1048576
2025/05/29 21:08:29 [notice] 1#1: start worker processes
2025/05/29 21:08:29 [notice] 1#1: start worker process 29
2025/05/29 21:08:29 [notice] 1#1: start worker process 30
2025/05/29 21:09:14 [error] 29#29: *1 connect() failed (113: Host is unreachable) while connecting to upstream, client: 172.25.0.1, server: _, request: "GET / HTTP/1.1", upstream: "http://172.25.0.10:8000/", host: "localhost:80", referrer: "https://glowing-disco-5gg7g6447xwpcvq99.github.dev/"
2025/05/29 21:09:44 [error] 30#30: *3 connect() failed (113: Host is unreachable) while connecting to upstream, client: 172.25.0.1, server: _, request: "GET /favicon.ico HTTP/1.1", upstream: "http://172.25.0.10:8000/favicon.ico", host: "localhost:80", referrer: "https://glowing-disco-5gg7g6447xwpcvq99-80.app.github.dev/"
2025/05/29 21:11:48 [notice] 1#1: signal 3 (SIGQUIT) received, shutting down
2025/05/29 21:11:48 [notice] 29#29: gracefully shutting down
2025/05/29 21:11:48 [notice] 30#30: gracefully shutting down
2025/05/29 21:11:48 [notice] 30#30: exiting
2025/05/29 21:11:48 [notice] 29#29: exiting
2025/05/29 21:11:48 [notice] 30#30: exit
2025/05/29 21:11:48 [notice] 29#29: exit
2025/05/29 21:11:48 [notice] 1#1: signal 17 (SIGCHLD) received from 29
2025/05/29 21:11:48 [notice] 1#1: worker process 29 exited with code 0
2025/05/29 21:11:48 [notice] 1#1: worker process 30 exited with code 0
2025/05/29 21:11:48 [notice] 1#1: exit
